<?xml version="1.0" encoding="UTF-8"?>
<!-- Generated by org.testng.reporters.JUnitReportReporter -->
<testsuite hostname="DESKTOP-50LD4CB" failures="0" tests="7" name="testNG_Annotation.testAnnotations" time="0.093" errors="0" timestamp="2023-03-28T00:05:59 IST" skipped="0">
  <testcase classname="testNG_Annotation.testAnnotations" name="i" time="0.011"/>
  <system-out>
    <![CDATA[method name is i]]>
  </system-out>
  <testcase classname="testNG_Annotation.testAnnotations" name="h" time="0.009"/>
  <system-out>
    <![CDATA[method name is h]]>
  </system-out>
  <testcase classname="testNG_Annotation.testAnnotations" name="f" time="0.010"/>
  <system-out>
    <![CDATA[method name is f]]>
  </system-out>
  <testcase classname="testNG_Annotation.testAnnotations" name="rushi" time="0.020"/>
  <system-out>
    <![CDATA[rushi]]>
  </system-out>
  <testcase classname="testNG_Annotation.testAnnotations" name="g" time="0.016"/>
  <system-out>
    <![CDATA[method name is g]]>
  </system-out>
  <testcase classname="testNG_Annotation.testAnnotations" name="wakad" time="0.009"/>
  <system-out>
    <![CDATA[wakad]]>
  </system-out>
  <testcase classname="testNG_Annotation.testAnnotations" name="bhat" time="0.018"/>
  <system-out>
    <![CDATA[bhat]]>
  </system-out>
</testsuite> <!-- testNG_Annotation.testAnnotations -->
