<?xml version="1.0" encoding="UTF-8"?>
<!-- Generated by org.testng.reporters.JUnitReportReporter -->
<testsuite hostname="DESKTOP-50LD4CB" failures="0" tests="2" name="testingExecution.MethodsExe" time="0.051" errors="0" timestamp="2023-03-31T22:21:15 IST" skipped="0">
  <testcase classname="testingExecution.MethodsExe" name="method1" time="0.019"/>
  <system-out>
    <![CDATA[17 is the threadid
method1]]>
  </system-out>
  <testcase classname="testingExecution.MethodsExe" name="method2" time="0.032"/>
  <system-out>
    <![CDATA[18 is the threadid
method2]]>
  </system-out>
</testsuite> <!-- testingExecution.MethodsExe -->
