<?xml version="1.0" encoding="UTF-8"?>
<!-- Generated by org.testng.reporters.JUnitReportReporter -->
<testsuite hostname="DESKTOP-50LD4CB" failures="0" tests="1" name="assertionTesting.Assert1" time="0.037" errors="0" timestamp="2023-04-01T00:03:33 IST" skipped="0">
  <testcase classname="assertionTesting.Assert1" name="validLogin" time="0.037"/>
  <system-out>
    <![CDATA[launch the browser
launch the web app by using url
log in page will be display!!
perform the login operation!!
Home page will be display!!
log out]]>
  </system-out>
</testsuite> <!-- assertionTesting.Assert1 -->
