<?xml version="1.0" encoding="UTF-8"?>
<!-- Generated by org.testng.reporters.JUnitReportReporter -->
<testsuite hostname="DESKTOP-50LD4CB" failures="0" tests="18" name="testingFlag.GroupExecution" time="0.060" errors="0" timestamp="2023-03-31T00:38:25 IST" skipped="0">
  <testcase classname="testingFlag.GroupExecution" name="it1" time="0.002"/>
  <system-out>
    <![CDATA[ITC1 is Executed]]>
  </system-out>
  <testcase classname="testingFlag.GroupExecution" name="it3" time="0.002"/>
  <system-out>
    <![CDATA[ITC3 is Executed]]>
  </system-out>
  <testcase classname="testingFlag.GroupExecution" name="ft5" time="0.004"/>
  <system-out>
    <![CDATA[FTC5 is Executed]]>
  </system-out>
  <testcase classname="testingFlag.GroupExecution" name="st5" time="0.002"/>
  <system-out>
    <![CDATA[STC5 is Executed]]>
  </system-out>
  <testcase classname="testingFlag.GroupExecution" name="it2" time="0.005"/>
  <system-out>
    <![CDATA[ITC2 is Executed]]>
  </system-out>
  <testcase classname="testingFlag.GroupExecution" name="it6" time="0.002"/>
  <system-out>
    <![CDATA[ITC6 is Executed]]>
  </system-out>
  <testcase classname="testingFlag.GroupExecution" name="ft2" time="0.002"/>
  <system-out>
    <![CDATA[FTC2 is Executed]]>
  </system-out>
  <testcase classname="testingFlag.GroupExecution" name="it5" time="0.002"/>
  <system-out>
    <![CDATA[ITC5 is Executed]]>
  </system-out>
  <testcase classname="testingFlag.GroupExecution" name="ft1" time="0.012"/>
  <system-out>
    <![CDATA[FTC1 is Executed]]>
  </system-out>
  <testcase classname="testingFlag.GroupExecution" name="ft6" time="0.003"/>
  <system-out>
    <![CDATA[FTC6 is Executed]]>
  </system-out>
  <testcase classname="testingFlag.GroupExecution" name="st1" time="0.005"/>
  <system-out>
    <![CDATA[STC1 is Executed]]>
  </system-out>
  <testcase classname="testingFlag.GroupExecution" name="ft4" time="0.002"/>
  <system-out>
    <![CDATA[FTC4 is Executed]]>
  </system-out>
  <testcase classname="testingFlag.GroupExecution" name="st3" time="0.001"/>
  <system-out>
    <![CDATA[STC3 is Executed]]>
  </system-out>
  <testcase classname="testingFlag.GroupExecution" name="st2" time="0.002"/>
  <system-out>
    <![CDATA[STC2 is Executed]]>
  </system-out>
  <testcase classname="testingFlag.GroupExecution" name="st6" time="0.003"/>
  <system-out>
    <![CDATA[STC6 is Executed]]>
  </system-out>
  <testcase classname="testingFlag.GroupExecution" name="it4" time="0.005"/>
  <system-out>
    <![CDATA[ITC4 is Executed]]>
  </system-out>
  <testcase classname="testingFlag.GroupExecution" name="ft3" time="0.002"/>
  <system-out>
    <![CDATA[FTC3 is Executed]]>
  </system-out>
  <testcase classname="testingFlag.GroupExecution" name="st4" time="0.004"/>
  <system-out>
    <![CDATA[STC4 is Executed]]>
  </system-out>
</testsuite> <!-- testingFlag.GroupExecution -->
