<?xml version="1.0" encoding="UTF-8"?>
<!-- Generated by org.testng.reporters.JUnitReportReporter -->
<testsuite hostname="DESKTOP-50LD4CB" failures="0" tests="1" name="TestNGpack.Demo4" time="0.021" errors="0" timestamp="2023-03-26T23:53:44 IST" skipped="0">
  <testcase classname="TestNGpack.Demo4" name="dm5" time="0.021"/>
  <system-out>
    <![CDATA[method name is dm52]]>
  </system-out>
</testsuite> <!-- TestNGpack.Demo4 -->
