<?xml version="1.0" encoding="UTF-8"?>
<!-- Generated by org.testng.reporters.JUnitReportReporter -->
<testsuite hostname="DESKTOP-50LD4CB" failures="0" tests="1" name="testingFlag.Flag2" time="0.014" errors="0" timestamp="2023-03-31T00:41:38 IST" skipped="0">
  <testcase classname="testingFlag.Flag2" name="search1" time="0.014"/>
  <system-out>
    <![CDATA[Log in Page]]>
  </system-out>
</testsuite> <!-- testingFlag.Flag2 -->
