<?xml version="1.0" encoding="UTF-8"?>
<!-- Generated by org.testng.reporters.JUnitReportReporter -->
<testsuite hostname="DESKTOP-50LD4CB" failures="0" tests="3" name="testingFlag.Flag5" time="0.030" errors="0" timestamp="2023-03-31T00:56:46 IST" skipped="0">
  <testcase classname="testingFlag.Flag5" name="logout" time="0.005"/>
  <system-out>
    <![CDATA[Logged out]]>
  </system-out>
  <testcase classname="testingFlag.Flag5" name="login" time="0.020"/>
  <system-out>
    <![CDATA[Logged in]]>
  </system-out>
  <testcase classname="testingFlag.Flag5" name="createUser" time="0.005"/>
  <system-out>
    <![CDATA[userCreated]]>
  </system-out>
</testsuite> <!-- testingFlag.Flag5 -->
