<?xml version="1.0" encoding="UTF-8"?>
<!-- Generated by org.testng.reporters.JUnitReportReporter -->
<testsuite hostname="DESKTOP-50LD4CB" failures="0" tests="3" name="testingFlag.Flag7" time="0.017" errors="0" timestamp="2023-03-31T22:36:00 IST" skipped="0">
  <testcase classname="testingFlag.Flag7" name="logout" time="0.002"/>
  <system-out>
    <![CDATA[Logout Method]]>
  </system-out>
  <testcase classname="testingFlag.Flag7" name="createUser" time="0.002"/>
  <system-out>
    <![CDATA[Create User Method]]>
  </system-out>
  <testcase classname="testingFlag.Flag7" name="login" time="0.013"/>
  <system-out>
    <![CDATA[Login method]]>
  </system-out>
</testsuite> <!-- testingFlag.Flag7 -->
