<?xml version="1.0" encoding="UTF-8"?>
<!-- Generated by org.testng.reporters.JUnitReportReporter -->
<testsuite hostname="DESKTOP-50LD4CB" failures="0" tests="10" name="testingFlag.Flag4" time="0.062" errors="0" timestamp="2023-03-31T00:49:52 IST" skipped="0">
  <testcase classname="testingFlag.Flag4" name="ft" time="0.003"/>
  <system-out>
    <![CDATA[FTC is executing!!!]]>
  </system-out>
  <testcase classname="testingFlag.Flag4" name="ft" time="0.003"/>
  <system-out>
    <![CDATA[FTC is executing!!!]]>
  </system-out>
  <testcase classname="testingFlag.Flag4" name="ft" time="0.003"/>
  <system-out>
    <![CDATA[FTC is executing!!!]]>
  </system-out>
  <testcase classname="testingFlag.Flag4" name="ft" time="0.002"/>
  <system-out>
    <![CDATA[FTC is executing!!!]]>
  </system-out>
  <testcase classname="testingFlag.Flag4" name="ft" time="0.008"/>
  <system-out>
    <![CDATA[FTC is executing!!!]]>
  </system-out>
  <testcase classname="testingFlag.Flag4" name="ft" time="0.008"/>
  <system-out>
    <![CDATA[FTC is executing!!!]]>
  </system-out>
  <testcase classname="testingFlag.Flag4" name="ft" time="0.005"/>
  <system-out>
    <![CDATA[FTC is executing!!!]]>
  </system-out>
  <testcase classname="testingFlag.Flag4" name="ft" time="0.004"/>
  <system-out>
    <![CDATA[FTC is executing!!!]]>
  </system-out>
  <testcase classname="testingFlag.Flag4" name="ft" time="0.019"/>
  <system-out>
    <![CDATA[FTC is executing!!!]]>
  </system-out>
  <testcase classname="testingFlag.Flag4" name="ft" time="0.007"/>
  <system-out>
    <![CDATA[FTC is executing!!!]]>
  </system-out>
</testsuite> <!-- testingFlag.Flag4 -->
