<?xml version="1.0" encoding="UTF-8"?>
<!-- Generated by org.testng.reporters.JUnitReportReporter -->
<testsuite hostname="DESKTOP-50LD4CB" failures="0" tests="2" name="testingFlag.Flag6" time="0.016" errors="0" timestamp="2023-03-31T22:28:07 IST" skipped="0">
  <testcase classname="testingFlag.Flag6" name="login" time="0.014"/>
  <system-out>
    <![CDATA[Login method]]>
  </system-out>
  <testcase classname="testingFlag.Flag6" name="logout" time="0.002"/>
  <system-out>
    <![CDATA[Logout method]]>
  </system-out>
</testsuite> <!-- testingFlag.Flag6 -->
