<?xml version="1.0" encoding="UTF-8"?>
<!-- Generated by org.testng.reporters.JUnitReportReporter -->
<testsuite hostname="DESKTOP-50LD4CB" failures="0" tests="3" name="TestNGpack.Demo" time="0.045" errors="0" timestamp="2023-03-26T23:37:46 IST" skipped="0">
  <testcase classname="TestNGpack.Demo" name="m1" time="0.004"/>
  <system-out>
    <![CDATA[method name is m1]]>
  </system-out>
  <testcase classname="TestNGpack.Demo" name="f" time="0.034"/>
  <system-out>
    <![CDATA[Sunday!!!]]>
  </system-out>
  <testcase classname="TestNGpack.Demo" name="m2" time="0.007"/>
  <system-out>
    <![CDATA[method name is m2]]>
  </system-out>
</testsuite> <!-- TestNGpack.Demo -->
