<?xml version="1.0" encoding="UTF-8"?>
<!-- Generated by org.testng.reporters.JUnitReportReporter -->
<testsuite hostname="DESKTOP-50LD4CB" failures="0" tests="3" name="testingFlag.Flag3" time="0.028" errors="0" timestamp="2023-03-31T00:47:07 IST" skipped="0">
  <testcase classname="testingFlag.Flag3" name="logOut" time="0.019"/>
  <system-out>
    <![CDATA[Logged Out]]>
  </system-out>
  <testcase classname="testingFlag.Flag3" name="createUser" time="0.005"/>
  <system-out>
    <![CDATA[userCreated]]>
  </system-out>
  <testcase classname="testingFlag.Flag3" name="login" time="0.004"/>
  <system-out>
    <![CDATA[Logged in]]>
  </system-out>
</testsuite> <!-- testingFlag.Flag3 -->
