<?xml version="1.0" encoding="UTF-8"?>
<!-- Generated by org.testng.reporters.JUnitReportReporter -->
<testsuite hostname="DESKTOP-50LD4CB" failures="0" tests="2" name="TestNGpack.Demo2" time="0.008" errors="0" timestamp="2023-03-26T23:37:46 IST" skipped="0">
  <testcase classname="TestNGpack.Demo2" name="dm2" time="0.004"/>
  <system-out>
    <![CDATA[method name is dm2]]>
  </system-out>
  <testcase classname="TestNGpack.Demo2" name="dm1" time="0.004"/>
  <system-out>
    <![CDATA[method name is dm2]]>
  </system-out>
</testsuite> <!-- TestNGpack.Demo2 -->
