<?xml version="1.0" encoding="UTF-8"?>
<!-- Generated by org.testng.reporters.JUnitReportReporter -->
<testsuite hostname="DESKTOP-50LD4CB" failures="0" tests="2" name="TestNGpack.Demo3" time="0.009" errors="0" timestamp="2023-03-26T23:37:46 IST" skipped="0">
  <testcase classname="TestNGpack.Demo3" name="dm4" time="0.006"/>
  <system-out>
    <![CDATA[method name is dm4]]>
  </system-out>
  <testcase classname="TestNGpack.Demo3" name="dm3" time="0.003"/>
  <system-out>
    <![CDATA[method name is dm3]]>
  </system-out>
</testsuite> <!-- TestNGpack.Demo3 -->
